<?xml version="1.0" encoding="UTF-8"?>
<!-- Generated by org.testng.reporters.JUnitReportReporter -->
<testsuite skipped="0" hostname="LTIN191800" name="findingHospitals.BaseClass" tests="2" failures="0" timestamp="20 Dec 2021 14:37:19 GMT" time="69.489" errors="0">
  <testcase name="topCitiesList" time="4.593" classname="findingHospitals.BaseClass"/>
  <testcase name="corporateWellness" time="64.896" classname="findingHospitals.BaseClass"/>
</testsuite> <!-- findingHospitals.BaseClass -->
