<?xml version="1.0" encoding="UTF-8"?>
<!-- Generated by org.testng.reporters.JUnitReportReporter -->
<testsuite skipped="0" hostname="LTIN191800" name="Test.MainClass" tests="1" failures="0" timestamp="4 Jan 2022 05:36:42 GMT" time="97.827" errors="0">
  <testcase name="corporateWellness" time="97.827" classname="Test.MainClass"/>
</testsuite> <!-- Test.MainClass -->
